# JRE version: OpenJDK Runtime Environment (17.0.7) (build 17.0.7+0-b2043.56-10353782)
# Java VM: OpenJDK 64-Bit Server VM (17.0.7+0-b2043.56-10353782, mixed mode, tiered, compressed oops, compressed class ptrs, g1 gc, windows-amd64)
GC Precious Log:
 CPUs: 16 total, 16 available
 Memory: 15762M
 Large Page Support: Disabled
 NUMA Support: Disabled
 Compressed Oops: Enabled (32-bit)
 Heap Region Size: 1M
 Heap Min Capacity: 8M
 Heap Initial Capacity: 248M
 Heap Max Capacity: 2G
 Pre-touch: Disabled
 Parallel Workers: 13
 Concurrent Workers: 3
 Concurrent Refinement Workers: 13
 Periodic GC: Disabled
Heap:
 garbage-first heap   total 277504K, used 153302K [0x0000000080000000, 0x0000000100000000)
  region size 1024K, 73 young (74752K), 15 survivors (15360K)
 Metaspace       used 99359K, committed 100160K, reserved 1179648K
  class space    used 13633K, committed 14016K, reserved 1048576K
GC Heap History (20 events):
Event: 4.950 GC heap before
{Heap before GC invocations=24 (full 0):
 garbage-first heap   total 143360K, used 103615K [0x0000000080000000, 0x0000000100000000)
  region size 1024K, 38 young (38912K), 1 survivors (1024K)
 Metaspace       used 65877K, committed 66432K, reserved 1114112K
  class space    used 8828K, committed 9088K, reserved 1048576K
}
Event: 4.951 GC heap after
{Heap after GC invocations=25 (full 0):
 garbage-first heap   total 143360K, used 66959K [0x0000000080000000, 0x0000000100000000)
  region size 1024K, 2 young (2048K), 2 survivors (2048K)
 Metaspace       used 65877K, committed 66432K, reserved 1114112K
  class space    used 8828K, committed 9088K, reserved 1048576K
}
Event: 5.226 GC heap before
{Heap before GC invocations=25 (full 0):
 garbage-first heap   total 143360K, used 105871K [0x0000000080000000, 0x0000000100000000)
  region size 1024K, 40 young (40960K), 2 survivors (2048K)
 Metaspace       used 69724K, committed 70272K, reserved 1114112K
  class space    used 9303K, committed 9536K, reserved 1048576K
}
Event: 5.227 GC heap after
{Heap after GC invocations=26 (full 0):
 garbage-first heap   total 143360K, used 67919K [0x0000000080000000, 0x0000000100000000)
  region size 1024K, 3 young (3072K), 3 survivors (3072K)
 Metaspace       used 69724K, committed 70272K, reserved 1114112K
  class space    used 9303K, committed 9536K, reserved 1048576K
}
Event: 5.499 GC heap before
{Heap before GC invocations=27 (full 0):
 garbage-first heap   total 143360K, used 115023K [0x0000000080000000, 0x0000000100000000)
  region size 1024K, 43 young (44032K), 3 survivors (3072K)
 Metaspace       used 73856K, committed 74496K, reserved 1114112K
  class space    used 9883K, committed 10176K, reserved 1048576K
}
Event: 5.502 GC heap after
{Heap after GC invocations=28 (full 0):
 garbage-first heap   total 143360K, used 72302K [0x0000000080000000, 0x0000000100000000)
  region size 1024K, 6 young (6144K), 6 survivors (6144K)
 Metaspace       used 73856K, committed 74496K, reserved 1114112K
  class space    used 9883K, committed 10176K, reserved 1048576K
}
Event: 5.509 GC heap before
{Heap before GC invocations=28 (full 0):
 garbage-first heap   total 143360K, used 73326K [0x0000000080000000, 0x0000000100000000)
  region size 1024K, 7 young (7168K), 6 survivors (6144K)
 Metaspace       used 73937K, committed 74560K, reserved 1114112K
  class space    used 9889K, committed 10176K, reserved 1048576K
}
Event: 5.511 GC heap after
{Heap after GC invocations=29 (full 0):
 garbage-first heap   total 143360K, used 72890K [0x0000000080000000, 0x0000000100000000)
  region size 1024K, 1 young (1024K), 1 survivors (1024K)
 Metaspace       used 73937K, committed 74560K, reserved 1114112K
  class space    used 9889K, committed 10176K, reserved 1048576K
}
Event: 5.747 GC heap before
{Heap before GC invocations=29 (full 0):
 garbage-first heap   total 143360K, used 110778K [0x0000000080000000, 0x0000000100000000)
  region size 1024K, 38 young (38912K), 1 survivors (1024K)
 Metaspace       used 76659K, committed 77312K, reserved 1179648K
  class space    used 10246K, committed 10560K, reserved 1048576K
}
Event: 5.748 GC heap after
{Heap after GC invocations=30 (full 0):
 garbage-first heap   total 143360K, used 74322K [0x0000000080000000, 0x0000000100000000)
  region size 1024K, 3 young (3072K), 3 survivors (3072K)
 Metaspace       used 76659K, committed 77312K, reserved 1179648K
  class space    used 10246K, committed 10560K, reserved 1048576K
}
Event: 6.046 GC heap before
{Heap before GC invocations=31 (full 0):
 garbage-first heap   total 143360K, used 112210K [0x0000000080000000, 0x0000000100000000)
  region size 1024K, 40 young (40960K), 3 survivors (3072K)
 Metaspace       used 79387K, committed 80000K, reserved 1179648K
  class space    used 10610K, committed 10880K, reserved 1048576K
}
Event: 6.048 GC heap after
{Heap after GC invocations=32 (full 0):
 garbage-first heap   total 143360K, used 76191K [0x0000000080000000, 0x0000000100000000)
  region size 1024K, 4 young (4096K), 4 survivors (4096K)
 Metaspace       used 79387K, committed 80000K, reserved 1179648K
  class space    used 10610K, committed 10880K, reserved 1048576K
}
Event: 6.070 GC heap before
{Heap before GC invocations=32 (full 0):
 garbage-first heap   total 143360K, used 82335K [0x0000000080000000, 0x0000000100000000)
  region size 1024K, 7 young (7168K), 4 survivors (4096K)
 Metaspace       used 79564K, committed 80192K, reserved 1179648K
  class space    used 10634K, committed 10944K, reserved 1048576K
}
Event: 6.072 GC heap after
{Heap after GC invocations=33 (full 0):
 garbage-first heap   total 143360K, used 80315K [0x0000000080000000, 0x0000000100000000)
  region size 1024K, 1 young (1024K), 1 survivors (1024K)
 Metaspace       used 79564K, committed 80192K, reserved 1179648K
  class space    used 10634K, committed 10944K, reserved 1048576K
}
Event: 6.317 GC heap before
{Heap before GC invocations=33 (full 0):
 garbage-first heap   total 143360K, used 115131K [0x0000000080000000, 0x0000000100000000)
  region size 1024K, 36 young (36864K), 1 survivors (1024K)
 Metaspace       used 80804K, committed 81408K, reserved 1179648K
  class space    used 10770K, committed 11072K, reserved 1048576K
}
Event: 6.319 GC heap after
{Heap after GC invocations=34 (full 0):
 garbage-first heap   total 277504K, used 84212K [0x0000000080000000, 0x0000000100000000)
  region size 1024K, 5 young (5120K), 5 survivors (5120K)
 Metaspace       used 80804K, committed 81408K, reserved 1179648K
  class space    used 10770K, committed 11072K, reserved 1048576K
}
Event: 7.147 GC heap before
{Heap before GC invocations=34 (full 0):
 garbage-first heap   total 277504K, used 211188K [0x0000000080000000, 0x0000000100000000)
  region size 1024K, 129 young (132096K), 5 survivors (5120K)
 Metaspace       used 88513K, committed 89088K, reserved 1179648K
  class space    used 12027K, committed 12288K, reserved 1048576K
}
Event: 7.151 GC heap after
{Heap after GC invocations=35 (full 0):
 garbage-first heap   total 277504K, used 88779K [0x0000000080000000, 0x0000000100000000)
  region size 1024K, 10 young (10240K), 10 survivors (10240K)
 Metaspace       used 88513K, committed 89088K, reserved 1179648K
  class space    used 12027K, committed 12288K, reserved 1048576K
}
Event: 8.029 GC heap before
{Heap before GC invocations=35 (full 0):
 garbage-first heap   total 277504K, used 214731K [0x0000000080000000, 0x0000000100000000)
  region size 1024K, 133 young (136192K), 10 survivors (10240K)
 Metaspace       used 95114K, committed 95808K, reserved 1179648K
  class space    used 12984K, committed 13312K, reserved 1048576K
}
Event: 8.035 GC heap after
{Heap after GC invocations=36 (full 0):
 garbage-first heap   total 277504K, used 94934K [0x0000000080000000, 0x0000000100000000)
  region size 1024K, 15 young (15360K), 15 survivors (15360K)
 Metaspace       used 95114K, committed 95808K, reserved 1179648K
  class space    used 12984K, committed 13312K, reserved 1048576K
}

