# JRE version: OpenJDK Runtime Environment (17.0.7) (build 17.0.7+0-b2043.56-10353782)
# Java VM: OpenJDK 64-Bit Server VM (17.0.7+0-b2043.56-10353782, mixed mode, tiered, compressed oops, compressed class ptrs, g1 gc, windows-amd64)
GC Precious Log:
 CPUs: 16 total, 16 available
 Memory: 15762M
 Large Page Support: Disabled
 NUMA Support: Disabled
 Compressed Oops: Enabled (32-bit)
 Heap Region Size: 1M
 Heap Min Capacity: 8M
 Heap Initial Capacity: 248M
 Heap Max Capacity: 2G
 Pre-touch: Disabled
 Parallel Workers: 13
 Concurrent Workers: 3
 Concurrent Refinement Workers: 13
 Periodic GC: Disabled
Heap:
 garbage-first heap   total 208896K, used 137055K [0x0000000080000000, 0x0000000100000000)
  region size 1024K, 2 young (2048K), 2 survivors (2048K)
 Metaspace       used 109311K, committed 110144K, reserved 1179648K
  class space    used 14975K, committed 15360K, reserved 1048576K
GC Heap History (20 events):
Event: 8.762 GC heap after
{Heap after GC invocations=52 (full 0):
 garbage-first heap   total 174080K, used 106372K [0x0000000080000000, 0x0000000100000000)
  region size 1024K, 5 young (5120K), 5 survivors (5120K)
 Metaspace       used 103687K, committed 104448K, reserved 1179648K
  class space    used 14193K, committed 14528K, reserved 1048576K
}
Event: 8.988 GC heap before
{Heap before GC invocations=52 (full 0):
 garbage-first heap   total 174080K, used 144260K [0x0000000080000000, 0x0000000100000000)
  region size 1024K, 42 young (43008K), 5 survivors (5120K)
 Metaspace       used 105212K, committed 105920K, reserved 1179648K
  class space    used 14396K, committed 14720K, reserved 1048576K
}
Event: 8.991 GC heap after
{Heap after GC invocations=53 (full 0):
 garbage-first heap   total 174080K, used 109968K [0x0000000080000000, 0x0000000100000000)
  region size 1024K, 6 young (6144K), 6 survivors (6144K)
 Metaspace       used 105212K, committed 105920K, reserved 1179648K
  class space    used 14396K, committed 14720K, reserved 1048576K
}
Event: 9.195 GC heap before
{Heap before GC invocations=53 (full 0):
 garbage-first heap   total 174080K, used 145808K [0x0000000080000000, 0x0000000100000000)
  region size 1024K, 41 young (41984K), 6 survivors (6144K)
 Metaspace       used 105328K, committed 106112K, reserved 1179648K
  class space    used 14404K, committed 14784K, reserved 1048576K
}
Event: 9.199 GC heap after
{Heap after GC invocations=54 (full 0):
 garbage-first heap   total 174080K, used 115991K [0x0000000080000000, 0x0000000100000000)
  region size 1024K, 6 young (6144K), 6 survivors (6144K)
 Metaspace       used 105328K, committed 106112K, reserved 1179648K
  class space    used 14404K, committed 14784K, reserved 1048576K
}
Event: 9.387 GC heap before
{Heap before GC invocations=54 (full 0):
 garbage-first heap   total 174080K, used 144663K [0x0000000080000000, 0x0000000100000000)
  region size 1024K, 35 young (35840K), 6 survivors (6144K)
 Metaspace       used 105804K, committed 106560K, reserved 1179648K
  class space    used 14439K, committed 14784K, reserved 1048576K
}
Event: 9.391 GC heap after
{Heap after GC invocations=55 (full 0):
 garbage-first heap   total 174080K, used 121599K [0x0000000080000000, 0x0000000100000000)
  region size 1024K, 5 young (5120K), 5 survivors (5120K)
 Metaspace       used 105804K, committed 106560K, reserved 1179648K
  class space    used 14439K, committed 14784K, reserved 1048576K
}
Event: 9.691 GC heap before
{Heap before GC invocations=55 (full 0):
 garbage-first heap   total 174080K, used 150271K [0x0000000080000000, 0x0000000100000000)
  region size 1024K, 29 young (29696K), 5 survivors (5120K)
 Metaspace       used 108166K, committed 108928K, reserved 1179648K
  class space    used 14721K, committed 15104K, reserved 1048576K
}
Event: 9.694 GC heap after
{Heap after GC invocations=56 (full 0):
 garbage-first heap   total 174080K, used 125542K [0x0000000080000000, 0x0000000100000000)
  region size 1024K, 4 young (4096K), 4 survivors (4096K)
 Metaspace       used 108166K, committed 108928K, reserved 1179648K
  class space    used 14721K, committed 15104K, reserved 1048576K
}
Event: 9.893 GC heap before
{Heap before GC invocations=56 (full 0):
 garbage-first heap   total 174080K, used 147046K [0x0000000080000000, 0x0000000100000000)
  region size 1024K, 25 young (25600K), 4 survivors (4096K)
 Metaspace       used 108861K, committed 109568K, reserved 1179648K
  class space    used 14874K, committed 15232K, reserved 1048576K
}
Event: 9.897 GC heap after
{Heap after GC invocations=57 (full 0):
 garbage-first heap   total 174080K, used 129591K [0x0000000080000000, 0x0000000100000000)
  region size 1024K, 4 young (4096K), 4 survivors (4096K)
 Metaspace       used 108861K, committed 109568K, reserved 1179648K
  class space    used 14874K, committed 15232K, reserved 1048576K
}
Event: 9.939 GC heap before
{Heap before GC invocations=57 (full 0):
 garbage-first heap   total 174080K, used 148023K [0x0000000080000000, 0x0000000100000000)
  region size 1024K, 22 young (22528K), 4 survivors (4096K)
 Metaspace       used 109172K, committed 110016K, reserved 1179648K
  class space    used 14972K, committed 15360K, reserved 1048576K
}
Event: 10.941 GC heap after
{Heap after GC invocations=58 (full 0):
 garbage-first heap   total 208896K, used 132260K [0x0000000080000000, 0x0000000100000000)
  region size 1024K, 3 young (3072K), 3 survivors (3072K)
 Metaspace       used 109172K, committed 110016K, reserved 1179648K
  class space    used 14972K, committed 15360K, reserved 1048576K
}
Event: 10.978 GC heap before
{Heap before GC invocations=58 (full 0):
 garbage-first heap   total 208896K, used 139428K [0x0000000080000000, 0x0000000100000000)
  region size 1024K, 10 young (10240K), 3 survivors (3072K)
 Metaspace       used 109220K, committed 110016K, reserved 1179648K
  class space    used 14972K, committed 15360K, reserved 1048576K
}
Event: 10.980 GC heap after
{Heap after GC invocations=59 (full 0):
 garbage-first heap   total 208896K, used 133636K [0x0000000080000000, 0x0000000100000000)
  region size 1024K, 2 young (2048K), 2 survivors (2048K)
 Metaspace       used 109220K, committed 110016K, reserved 1179648K
  class space    used 14972K, committed 15360K, reserved 1048576K
}
Event: 11.015 GC heap before
{Heap before GC invocations=59 (full 0):
 garbage-first heap   total 208896K, used 140804K [0x0000000080000000, 0x0000000100000000)
  region size 1024K, 10 young (10240K), 2 survivors (2048K)
 Metaspace       used 109259K, committed 110080K, reserved 1179648K
  class space    used 14972K, committed 15360K, reserved 1048576K
}
Event: 11.016 GC heap after
{Heap after GC invocations=60 (full 0):
 garbage-first heap   total 208896K, used 134972K [0x0000000080000000, 0x0000000100000000)
  region size 1024K, 2 young (2048K), 2 survivors (2048K)
 Metaspace       used 109259K, committed 110080K, reserved 1179648K
  class space    used 14972K, committed 15360K, reserved 1048576K
}
Event: 11.044 GC heap before
{Heap before GC invocations=60 (full 0):
 garbage-first heap   total 208896K, used 143164K [0x0000000080000000, 0x0000000100000000)
  region size 1024K, 10 young (10240K), 2 survivors (2048K)
 Metaspace       used 109302K, committed 110080K, reserved 1179648K
  class space    used 14975K, committed 15360K, reserved 1048576K
}
Event: 11.046 GC heap after
{Heap after GC invocations=61 (full 0):
 garbage-first heap   total 208896K, used 136185K [0x0000000080000000, 0x0000000100000000)
  region size 1024K, 2 young (2048K), 2 survivors (2048K)
 Metaspace       used 109302K, committed 110080K, reserved 1179648K
  class space    used 14975K, committed 15360K, reserved 1048576K
}
Event: 11.071 GC heap before
{Heap before GC invocations=61 (full 0):
 garbage-first heap   total 208896K, used 144377K [0x0000000080000000, 0x0000000100000000)
  region size 1024K, 10 young (10240K), 2 survivors (2048K)
 Metaspace       used 109311K, committed 110144K, reserved 1179648K
  class space    used 14975K, committed 15360K, reserved 1048576K
}

